<?xml version="1.0" encoding="UTF-8"?>
<!-- Generated by org.testng.reporters.JUnitXMLReporter -->
<testsuite hostname="ASIF" name="Test" tests="3" failures="1" timestamp="12 Jun 2019 13:19:34 GMT" time="72.566" errors="0">
  <testcase name="facebook" time="0.064" classname="com.pages.NewTest1">
    <failure type="java.lang.NullPointerException">
      <![CDATA[java.lang.NullPointerException
	at com.pages.NewTest1.facebook(NewTest1.java:45)
	at java.util.concurrent.ThreadPoolExecutor.runWorker(Unknown Source)
	at java.util.concurrent.ThreadPoolExecutor$Worker.run(Unknown Source)
	at java.lang.Thread.run(Unknown Source)
... Removed 10 stack frames]]>
    </failure>
  </testcase> <!-- facebook -->
  <testcase name="f1" time="38.576" classname="com.pages.NewTest1"/>
  <testcase name="f2" time="72.46" classname="com.pages.NewTest1"/>
</testsuite> <!-- Test -->
