<?xml version="1.0" encoding="UTF-8"?>
<testng-results skipped="0" failed="0" total="1" passed="1">
  <reporter-output>
  </reporter-output>
  <suite name="Default suite" duration-ms="142303" started-at="2020-12-15T05:37:16Z" finished-at="2020-12-15T05:39:38Z">
    <groups>
      <group name="cucumber">
        <method signature="AbstractTestNGCucumberTests.feature(cucumber.api.testng.CucumberFeatureWrapper)[pri:0, instance:com.runner.TestRunnerDemo@55d56113]" name="feature" class="cucumber.api.testng.AbstractTestNGCucumberTests"/>
      </group> <!-- cucumber -->
    </groups>
    <test name="Default test" duration-ms="142303" started-at="2020-12-15T05:37:16Z" finished-at="2020-12-15T05:39:38Z">
      <class name="com.runner.TestRunnerDemo">
        <test-method status="PASS" signature="setUpClass()[pri:0, instance:com.runner.TestRunnerDemo@55d56113]" name="setUpClass" is-config="true" duration-ms="1257" started-at="2020-12-15T11:07:16Z" finished-at="2020-12-15T11:07:17Z">
          <reporter-output>
          </reporter-output>
        </test-method> <!-- setUpClass -->
        <test-method status="PASS" signature="feature(cucumber.api.testng.CucumberFeatureWrapper)[pri:0, instance:com.runner.TestRunnerDemo@55d56113]" name="feature" duration-ms="137187" started-at="2020-12-15T11:07:17Z" description="Runs Cucumber Feature" data-provider="features" finished-at="2020-12-15T11:09:34Z">
          <params>
            <param index="0">
              <value>
                <![CDATA[Amazon application Test]]>
              </value>
            </param>
          </params>
          <reporter-output>
          </reporter-output>
        </test-method> <!-- feature -->
        <test-method status="PASS" signature="setup()[pri:0, instance:com.runner.TestRunnerDemo@55d56113]" name="setup" is-config="true" duration-ms="804" started-at="2020-12-15T11:09:34Z" finished-at="2020-12-15T11:09:35Z">
          <reporter-output>
          </reporter-output>
        </test-method> <!-- setup -->
        <test-method status="PASS" signature="tearDownClass()[pri:0, instance:com.runner.TestRunnerDemo@55d56113]" name="tearDownClass" is-config="true" duration-ms="2710" started-at="2020-12-15T11:09:35Z" finished-at="2020-12-15T11:09:38Z">
          <reporter-output>
          </reporter-output>
        </test-method> <!-- tearDownClass -->
      </class> <!-- com.runner.TestRunnerDemo -->
    </test> <!-- Default test -->
  </suite> <!-- Default suite -->
</testng-results>
