<?xml version="1.0" encoding="UTF-8"?>
<testng-results skipped="0" failed="0" total="1" passed="1">
  <reporter-output>
  </reporter-output>
  <suite name="Default suite" duration-ms="25441" started-at="2020-12-15T05:21:09Z" finished-at="2020-12-15T05:21:35Z">
    <groups>
      <group name="cucumber">
        <method signature="AbstractTestNGCucumberTests.feature(cucumber.api.testng.CucumberFeatureWrapper)[pri:0, instance:com.runner.TestRunnerDemo@55d56113]" name="feature" class="cucumber.api.testng.AbstractTestNGCucumberTests"/>
      </group> <!-- cucumber -->
    </groups>
    <test name="Default test" duration-ms="25441" started-at="2020-12-15T05:21:09Z" finished-at="2020-12-15T05:21:35Z">
      <class name="com.runner.TestRunnerDemo">
        <test-method status="PASS" signature="setUpClass()[pri:0, instance:com.runner.TestRunnerDemo@55d56113]" name="setUpClass" is-config="true" duration-ms="428" started-at="2020-12-15T10:51:09Z" finished-at="2020-12-15T10:51:10Z">
          <reporter-output>
          </reporter-output>
        </test-method> <!-- setUpClass -->
        <test-method status="PASS" signature="feature(cucumber.api.testng.CucumberFeatureWrapper)[pri:0, instance:com.runner.TestRunnerDemo@55d56113]" name="feature" duration-ms="24036" started-at="2020-12-15T10:51:10Z" description="Runs Cucumber Feature" data-provider="features" finished-at="2020-12-15T10:51:34Z">
          <params>
            <param index="0">
              <value>
                <![CDATA[Amazon application Test]]>
              </value>
            </param>
          </params>
          <reporter-output>
          </reporter-output>
        </test-method> <!-- feature -->
        <test-method status="PASS" signature="setup()[pri:0, instance:com.runner.TestRunnerDemo@55d56113]" name="setup" is-config="true" duration-ms="62" started-at="2020-12-15T10:51:34Z" finished-at="2020-12-15T10:51:34Z">
          <reporter-output>
          </reporter-output>
        </test-method> <!-- setup -->
        <test-method status="PASS" signature="tearDownClass()[pri:0, instance:com.runner.TestRunnerDemo@55d56113]" name="tearDownClass" is-config="true" duration-ms="743" started-at="2020-12-15T10:51:34Z" finished-at="2020-12-15T10:51:35Z">
          <reporter-output>
          </reporter-output>
        </test-method> <!-- tearDownClass -->
      </class> <!-- com.runner.TestRunnerDemo -->
    </test> <!-- Default test -->
  </suite> <!-- Default suite -->
</testng-results>
